2025-06-01 15:57:17,070 - INFO - 使用设备: cpu
2025-06-01 15:57:18,607 - INFO - 开始训练改进的集成模型，使用100.0%的数据...
2025-06-01 15:57:18,608 - INFO - 噪声添加概率: 30.0%, 信噪比范围: [-10, 20] dB
2025-06-01 15:57:23,559 - INFO - 保存新的最佳模型，验证准确率: 0.2188
2025-06-01 15:57:23,559 - INFO - Epoch 1/90 - Train Loss: 4.7350, Train Acc: 0.0668, Val Loss: 4.3419, Val Acc: 0.2188, Time: 4.95s, LR: 0.000182
2025-06-01 15:57:23,559 - INFO - 平均权重分布 - CNN: 0.495, LNN: 0.505
2025-06-01 15:57:23,562 - INFO - Epoch 1 SNR分布: 均值=19.07, 方差=5.51
2025-06-01 15:57:28,371 - INFO - Epoch 2/90 - Train Loss: 4.3899, Train Acc: 0.1839, Val Loss: 4.3419, Val Acc: 0.2188, Time: 4.81s, LR: 0.000134
2025-06-01 15:57:28,374 - INFO - Epoch 2 SNR分布: 均值=18.72, 方差=6.78
2025-06-01 15:57:33,104 - INFO - 保存新的最佳模型，验证准确率: 0.4450
2025-06-01 15:57:33,105 - INFO - Epoch 3/90 - Train Loss: 4.0998, Train Acc: 0.2899, Val Loss: 3.7256, Val Acc: 0.4450, Time: 4.73s, LR: 0.000076
2025-06-01 15:57:33,108 - INFO - Epoch 3 SNR分布: 均值=19.14, 方差=4.97
2025-06-01 15:57:37,700 - INFO - Epoch 4/90 - Train Loss: 3.9406, Train Acc: 0.3508, Val Loss: 3.7256, Val Acc: 0.4450, Time: 4.59s, LR: 0.000028
2025-06-01 15:57:37,704 - INFO - Epoch 4 SNR分布: 均值=19.10, 方差=5.54
2025-06-01 15:57:42,518 - INFO - 保存新的最佳模型，验证准确率: 0.5250
2025-06-01 15:57:42,519 - INFO - Epoch 5/90 - Train Loss: 3.8621, Train Acc: 0.3890, Val Loss: 3.5677, Val Acc: 0.5250, Time: 4.81s, LR: 0.000200
2025-06-01 15:57:42,522 - INFO - Epoch 5 SNR分布: 均值=18.98, 方差=5.58
2025-06-01 15:57:47,094 - INFO - Epoch 6/90 - Train Loss: 3.7190, Train Acc: 0.4533, Val Loss: 3.5677, Val Acc: 0.5250, Time: 4.57s, LR: 0.000195
2025-06-01 15:57:47,094 - INFO - 平均权重分布 - CNN: 0.500, LNN: 0.500
2025-06-01 15:57:47,097 - INFO - Epoch 6 SNR分布: 均值=19.09, 方差=4.94
2025-06-01 15:57:51,873 - INFO - 保存新的最佳模型，验证准确率: 0.8125
2025-06-01 15:57:51,873 - INFO - Epoch 7/90 - Train Loss: 3.4883, Train Acc: 0.5589, Val Loss: 3.0815, Val Acc: 0.8125, Time: 4.78s, LR: 0.000182
2025-06-01 15:57:51,877 - INFO - Epoch 7 SNR分布: 均值=19.36, 方差=4.12
2025-06-01 15:57:56,700 - INFO - Epoch 8/90 - Train Loss: 3.2919, Train Acc: 0.6429, Val Loss: 3.0815, Val Acc: 0.8125, Time: 4.82s, LR: 0.000161
2025-06-01 15:57:56,703 - INFO - Epoch 8 SNR分布: 均值=19.12, 方差=5.22
2025-06-01 15:58:01,608 - INFO - 保存新的最佳模型，验证准确率: 0.8833
2025-06-01 15:58:01,609 - INFO - Epoch 9/90 - Train Loss: 3.1443, Train Acc: 0.6924, Val Loss: 2.7604, Val Acc: 0.8833, Time: 4.90s, LR: 0.000134
2025-06-01 15:58:01,612 - INFO - Epoch 9 SNR分布: 均值=18.90, 方差=6.16
2025-06-01 15:58:06,259 - INFO - Epoch 10/90 - Train Loss: 3.0292, Train Acc: 0.7324, Val Loss: 2.7604, Val Acc: 0.8833, Time: 4.64s, LR: 0.000105
2025-06-01 15:58:06,262 - INFO - Epoch 10 SNR分布: 均值=18.99, 方差=5.78
2025-06-01 15:58:11,011 - INFO - 保存新的最佳模型，验证准确率: 0.9017
2025-06-01 15:58:11,011 - INFO - Epoch 11/90 - Train Loss: 2.9388, Train Acc: 0.7607, Val Loss: 2.5931, Val Acc: 0.9017, Time: 4.75s, LR: 0.000076
2025-06-01 15:58:11,011 - INFO - 平均权重分布 - CNN: 0.500, LNN: 0.500
2025-06-01 15:58:11,015 - INFO - Epoch 11 SNR分布: 均值=19.10, 方差=5.01
2025-06-01 15:58:15,720 - INFO - Epoch 12/90 - Train Loss: 2.8843, Train Acc: 0.7798, Val Loss: 2.5931, Val Acc: 0.9017, Time: 4.70s, LR: 0.000049
2025-06-01 15:58:15,723 - INFO - Epoch 12 SNR分布: 均值=18.95, 方差=6.06
2025-06-01 15:58:20,472 - INFO - 保存新的最佳模型，验证准确率: 0.9133
2025-06-01 15:58:20,472 - INFO - Epoch 13/90 - Train Loss: 2.8372, Train Acc: 0.7946, Val Loss: 2.5195, Val Acc: 0.9133, Time: 4.75s, LR: 0.000028
2025-06-01 15:58:20,475 - INFO - Epoch 13 SNR分布: 均值=19.23, 方差=4.58
2025-06-01 15:58:25,172 - INFO - Epoch 14/90 - Train Loss: 2.8254, Train Acc: 0.7976, Val Loss: 2.5195, Val Acc: 0.9133, Time: 4.70s, LR: 0.000015
2025-06-01 15:58:25,175 - INFO - Epoch 14 SNR分布: 均值=18.87, 方差=6.16
2025-06-01 15:58:29,899 - INFO - 验证集准确率连续未提升次数: 1/15
2025-06-01 15:58:29,899 - INFO - Epoch 15/90 - Train Loss: 2.8088, Train Acc: 0.7963, Val Loss: 2.5011, Val Acc: 0.9129, Time: 4.72s, LR: 0.000200
2025-06-01 15:58:29,902 - INFO - Epoch 15 SNR分布: 均值=19.09, 方差=5.06
2025-06-01 15:58:34,623 - INFO - Epoch 16/90 - Train Loss: 2.7645, Train Acc: 0.8135, Val Loss: 2.5011, Val Acc: 0.9129, Time: 4.72s, LR: 0.000199
2025-06-01 15:58:34,624 - INFO - 平均权重分布 - CNN: 0.500, LNN: 0.500
2025-06-01 15:58:34,627 - INFO - Epoch 16 SNR分布: 均值=19.02, 方差=5.52
2025-06-01 15:58:39,328 - INFO - 保存新的最佳模型，验证准确率: 0.9313
2025-06-01 15:58:39,328 - INFO - Epoch 17/90 - Train Loss: 2.6690, Train Acc: 0.8396, Val Loss: 2.3475, Val Acc: 0.9313, Time: 4.70s, LR: 0.000195
2025-06-01 15:58:39,332 - INFO - Epoch 17 SNR分布: 均值=19.16, 方差=4.65
2025-06-01 15:58:43,946 - INFO - Epoch 18/90 - Train Loss: 2.5989, Train Acc: 0.8535, Val Loss: 2.3475, Val Acc: 0.9313, Time: 4.61s, LR: 0.000190
2025-06-01 15:58:43,949 - INFO - Epoch 18 SNR分布: 均值=19.15, 方差=4.87
2025-06-01 15:58:48,870 - INFO - 保存新的最佳模型，验证准确率: 0.9471
2025-06-01 15:58:48,870 - INFO - Epoch 19/90 - Train Loss: 2.5439, Train Acc: 0.8685, Val Loss: 2.2634, Val Acc: 0.9471, Time: 4.92s, LR: 0.000182
2025-06-01 15:58:48,874 - INFO - Epoch 19 SNR分布: 均值=18.95, 方差=6.13
2025-06-01 15:58:53,630 - INFO - Epoch 20/90 - Train Loss: 2.4988, Train Acc: 0.8755, Val Loss: 2.2634, Val Acc: 0.9471, Time: 4.75s, LR: 0.000172
2025-06-01 15:58:53,633 - INFO - Epoch 20 SNR分布: 均值=19.00, 方差=5.87
2025-06-01 15:58:58,339 - INFO - 保存新的最佳模型，验证准确率: 0.9575
2025-06-01 15:58:58,339 - INFO - Epoch 21/90 - Train Loss: 2.4498, Train Acc: 0.8896, Val Loss: 2.2167, Val Acc: 0.9575, Time: 4.71s, LR: 0.000161
2025-06-01 15:58:58,339 - INFO - 平均权重分布 - CNN: 0.500, LNN: 0.500
2025-06-01 15:58:58,342 - INFO - Epoch 21 SNR分布: 均值=19.13, 方差=5.10
2025-06-01 15:59:02,855 - INFO - Epoch 22/90 - Train Loss: 2.4219, Train Acc: 0.9005, Val Loss: 2.2167, Val Acc: 0.9575, Time: 4.51s, LR: 0.000148
2025-06-01 15:59:02,859 - INFO - Epoch 22 SNR分布: 均值=19.17, 方差=5.02
2025-06-01 15:59:07,857 - INFO - 保存新的最佳模型，验证准确率: 0.9596
2025-06-01 15:59:07,857 - INFO - Epoch 23/90 - Train Loss: 2.4127, Train Acc: 0.8969, Val Loss: 2.1953, Val Acc: 0.9596, Time: 5.00s, LR: 0.000134
2025-06-01 15:59:07,860 - INFO - Epoch 23 SNR分布: 均值=18.65, 方差=6.70
2025-06-01 15:59:12,232 - INFO - Epoch 24/90 - Train Loss: 2.3775, Train Acc: 0.9094, Val Loss: 2.1953, Val Acc: 0.9596, Time: 4.37s, LR: 0.000120
2025-06-01 15:59:12,235 - INFO - Epoch 24 SNR分布: 均值=19.28, 方差=4.28
2025-06-01 15:59:17,022 - INFO - 保存新的最佳模型，验证准确率: 0.9654
2025-06-01 15:59:17,022 - INFO - Epoch 25/90 - Train Loss: 2.3662, Train Acc: 0.9071, Val Loss: 2.1793, Val Acc: 0.9654, Time: 4.79s, LR: 0.000105
2025-06-01 15:59:17,026 - INFO - Epoch 25 SNR分布: 均值=19.14, 方差=4.84
2025-06-01 15:59:21,813 - INFO - Epoch 26/90 - Train Loss: 2.3587, Train Acc: 0.9108, Val Loss: 2.1793, Val Acc: 0.9654, Time: 4.78s, LR: 0.000090
2025-06-01 15:59:21,813 - INFO - 平均权重分布 - CNN: 0.500, LNN: 0.500
2025-06-01 15:59:21,816 - INFO - Epoch 26 SNR分布: 均值=18.97, 方差=5.96
2025-06-01 15:59:26,549 - INFO - 保存新的最佳模型，验证准确率: 0.9675
2025-06-01 15:59:26,549 - INFO - Epoch 27/90 - Train Loss: 2.3485, Train Acc: 0.9126, Val Loss: 2.1708, Val Acc: 0.9675, Time: 4.73s, LR: 0.000076
2025-06-01 15:59:26,552 - INFO - Epoch 27 SNR分布: 均值=19.10, 方差=5.35
2025-06-01 15:59:31,207 - INFO - Epoch 28/90 - Train Loss: 2.3364, Train Acc: 0.9180, Val Loss: 2.1708, Val Acc: 0.9675, Time: 4.65s, LR: 0.000062
2025-06-01 15:59:31,210 - INFO - Epoch 28 SNR分布: 均值=19.27, 方差=4.52
2025-06-01 15:59:35,916 - INFO - 验证集准确率连续未提升次数: 1/15
2025-06-01 15:59:35,916 - INFO - Epoch 29/90 - Train Loss: 2.3297, Train Acc: 0.9207, Val Loss: 2.1697, Val Acc: 0.9667, Time: 4.71s, LR: 0.000049
2025-06-01 15:59:35,920 - INFO - Epoch 29 SNR分布: 均值=19.19, 方差=4.72
2025-06-01 15:59:40,274 - INFO - Epoch 30/90 - Train Loss: 2.3149, Train Acc: 0.9261, Val Loss: 2.1697, Val Acc: 0.9667, Time: 4.35s, LR: 0.000038
2025-06-01 15:59:40,277 - INFO - Epoch 30 SNR分布: 均值=19.40, 方差=3.49
2025-06-01 15:59:45,149 - INFO - 保存新的最佳模型，验证准确率: 0.9683
2025-06-01 15:59:45,149 - INFO - Epoch 31/90 - Train Loss: 2.3282, Train Acc: 0.9193, Val Loss: 2.1685, Val Acc: 0.9683, Time: 4.87s, LR: 0.000028
2025-06-01 15:59:45,149 - INFO - 平均权重分布 - CNN: 0.500, LNN: 0.500
2025-06-01 15:59:45,152 - INFO - Epoch 31 SNR分布: 均值=19.05, 方差=5.23
2025-06-01 15:59:49,951 - INFO - Epoch 32/90 - Train Loss: 2.3400, Train Acc: 0.9143, Val Loss: 2.1685, Val Acc: 0.9683, Time: 4.80s, LR: 0.000020
2025-06-01 15:59:49,955 - INFO - Epoch 32 SNR分布: 均值=18.74, 方差=7.06
2025-06-01 15:59:54,965 - INFO - 验证集准确率连续未提升次数: 1/15
2025-06-01 15:59:54,966 - INFO - Epoch 33/90 - Train Loss: 2.3267, Train Acc: 0.9201, Val Loss: 2.1677, Val Acc: 0.9667, Time: 5.01s, LR: 0.000015
2025-06-01 15:59:54,969 - INFO - Epoch 33 SNR分布: 均值=18.86, 方差=6.41
2025-06-01 15:59:59,659 - INFO - Epoch 34/90 - Train Loss: 2.3196, Train Acc: 0.9207, Val Loss: 2.1677, Val Acc: 0.9667, Time: 4.69s, LR: 0.000011
2025-06-01 15:59:59,662 - INFO - Epoch 34 SNR分布: 均值=19.02, 方差=5.53
2025-06-01 16:00:04,376 - INFO - 验证集准确率连续未提升次数: 2/15
2025-06-01 16:00:04,376 - INFO - Epoch 35/90 - Train Loss: 2.3141, Train Acc: 0.9251, Val Loss: 2.1650, Val Acc: 0.9675, Time: 4.71s, LR: 0.000200
2025-06-01 16:00:04,379 - INFO - Epoch 35 SNR分布: 均值=19.20, 方差=4.55
2025-06-01 16:00:09,016 - INFO - Epoch 36/90 - Train Loss: 2.3264, Train Acc: 0.9218, Val Loss: 2.1650, Val Acc: 0.9675, Time: 4.63s, LR: 0.000200
2025-06-01 16:00:09,016 - INFO - 平均权重分布 - CNN: 0.500, LNN: 0.500
2025-06-01 16:00:09,019 - INFO - Epoch 36 SNR分布: 均值=18.97, 方差=5.70
2025-06-01 16:00:13,778 - INFO - 保存新的最佳模型，验证准确率: 0.9708
2025-06-01 16:00:13,778 - INFO - Epoch 37/90 - Train Loss: 2.3028, Train Acc: 0.9289, Val Loss: 2.1605, Val Acc: 0.9708, Time: 4.76s, LR: 0.000199
2025-06-01 16:00:13,781 - INFO - Epoch 37 SNR分布: 均值=19.24, 方差=4.46
2025-06-01 16:00:18,278 - INFO - Epoch 38/90 - Train Loss: 2.3006, Train Acc: 0.9274, Val Loss: 2.1605, Val Acc: 0.9708, Time: 4.49s, LR: 0.000197
2025-06-01 16:00:18,281 - INFO - Epoch 38 SNR分布: 均值=19.12, 方差=5.19
2025-06-01 16:00:23,210 - INFO - 保存新的最佳模型，验证准确率: 0.9738
2025-06-01 16:00:23,210 - INFO - Epoch 39/90 - Train Loss: 2.3002, Train Acc: 0.9264, Val Loss: 2.1562, Val Acc: 0.9738, Time: 4.93s, LR: 0.000195
2025-06-01 16:00:23,213 - INFO - Epoch 39 SNR分布: 均值=18.98, 方差=5.84
2025-06-01 16:00:27,929 - INFO - Epoch 40/90 - Train Loss: 2.3013, Train Acc: 0.9243, Val Loss: 2.1562, Val Acc: 0.9738, Time: 4.71s, LR: 0.000193
2025-06-01 16:00:27,932 - INFO - Epoch 40 SNR分布: 均值=18.78, 方差=6.62
2025-06-01 16:00:32,690 - INFO - 验证集准确率连续未提升次数: 1/15
2025-06-01 16:00:32,690 - INFO - Epoch 41/90 - Train Loss: 2.2910, Train Acc: 0.9292, Val Loss: 2.1574, Val Acc: 0.9725, Time: 4.76s, LR: 0.000190
2025-06-01 16:00:32,690 - INFO - 平均权重分布 - CNN: 0.500, LNN: 0.500
2025-06-01 16:00:32,695 - INFO - Epoch 41 SNR分布: 均值=18.94, 方差=6.04
2025-06-01 16:00:37,414 - INFO - Epoch 42/90 - Train Loss: 2.2857, Train Acc: 0.9321, Val Loss: 2.1574, Val Acc: 0.9725, Time: 4.71s, LR: 0.000186
2025-06-01 16:00:37,417 - INFO - Epoch 42 SNR分布: 均值=18.89, 方差=6.06
2025-06-01 16:00:42,078 - INFO - 保存新的最佳模型，验证准确率: 0.9771
2025-06-01 16:00:42,079 - INFO - Epoch 43/90 - Train Loss: 2.2624, Train Acc: 0.9393, Val Loss: 2.1495, Val Acc: 0.9771, Time: 4.66s, LR: 0.000182
2025-06-01 16:00:42,082 - INFO - Epoch 43 SNR分布: 均值=19.19, 方差=4.47
2025-06-01 16:00:46,746 - INFO - Epoch 44/90 - Train Loss: 2.2771, Train Acc: 0.9347, Val Loss: 2.1495, Val Acc: 0.9771, Time: 4.66s, LR: 0.000177
2025-06-01 16:00:46,749 - INFO - Epoch 44 SNR分布: 均值=18.83, 方差=6.68
2025-06-01 16:00:51,735 - INFO - 保存新的最佳模型，验证准确率: 0.9800
2025-06-01 16:00:51,735 - INFO - Epoch 45/90 - Train Loss: 2.2693, Train Acc: 0.9373, Val Loss: 2.1459, Val Acc: 0.9800, Time: 4.98s, LR: 0.000172
2025-06-01 16:00:51,738 - INFO - Epoch 45 SNR分布: 均值=18.88, 方差=6.00
2025-06-01 16:00:56,243 - INFO - Epoch 46/90 - Train Loss: 2.2456, Train Acc: 0.9459, Val Loss: 2.1459, Val Acc: 0.9800, Time: 4.50s, LR: 0.000167
2025-06-01 16:00:56,243 - INFO - 平均权重分布 - CNN: 0.500, LNN: 0.500
2025-06-01 16:00:56,246 - INFO - Epoch 46 SNR分布: 均值=19.18, 方差=5.00
2025-06-01 16:01:00,919 - INFO - 验证集准确率连续未提升次数: 1/15
2025-06-01 16:01:00,919 - INFO - Epoch 47/90 - Train Loss: 2.2483, Train Acc: 0.9473, Val Loss: 2.1429, Val Acc: 0.9796, Time: 4.67s, LR: 0.000161
2025-06-01 16:01:00,922 - INFO - Epoch 47 SNR分布: 均值=19.15, 方差=5.28
2025-06-01 16:01:05,719 - INFO - Epoch 48/90 - Train Loss: 2.2505, Train Acc: 0.9432, Val Loss: 2.1429, Val Acc: 0.9796, Time: 4.79s, LR: 0.000155
2025-06-01 16:01:05,722 - INFO - Epoch 48 SNR分布: 均值=19.02, 方差=5.44
2025-06-01 16:01:10,491 - INFO - 保存新的最佳模型，验证准确率: 0.9821
2025-06-01 16:01:10,491 - INFO - Epoch 49/90 - Train Loss: 2.2499, Train Acc: 0.9417, Val Loss: 2.1427, Val Acc: 0.9821, Time: 4.77s, LR: 0.000148
2025-06-01 16:01:10,494 - INFO - Epoch 49 SNR分布: 均值=19.07, 方差=5.59
2025-06-01 16:01:15,043 - INFO - Epoch 50/90 - Train Loss: 2.2452, Train Acc: 0.9467, Val Loss: 2.1427, Val Acc: 0.9821, Time: 4.55s, LR: 0.000141
2025-06-01 16:01:15,046 - INFO - Epoch 50 SNR分布: 均值=19.09, 方差=5.93
2025-06-01 16:01:19,966 - INFO - 验证集准确率连续未提升次数: 1/15
2025-06-01 16:01:19,966 - INFO - Epoch 51/90 - Train Loss: 2.2483, Train Acc: 0.9468, Val Loss: 2.1359, Val Acc: 0.9821, Time: 4.92s, LR: 0.000134
2025-06-01 16:01:19,966 - INFO - 平均权重分布 - CNN: 0.500, LNN: 0.500
2025-06-01 16:01:19,969 - INFO - Epoch 51 SNR分布: 均值=19.04, 方差=5.34
2025-06-01 16:01:24,733 - INFO - Epoch 52/90 - Train Loss: 2.2445, Train Acc: 0.9470, Val Loss: 2.1359, Val Acc: 0.9821, Time: 4.76s, LR: 0.000127
2025-06-01 16:01:24,737 - INFO - Epoch 52 SNR分布: 均值=18.94, 方差=5.84
2025-06-01 16:01:29,526 - INFO - 保存新的最佳模型，验证准确率: 0.9842
2025-06-01 16:01:29,526 - INFO - Epoch 53/90 - Train Loss: 2.2329, Train Acc: 0.9511, Val Loss: 2.1313, Val Acc: 0.9842, Time: 4.79s, LR: 0.000120
2025-06-01 16:01:29,529 - INFO - Epoch 53 SNR分布: 均值=19.05, 方差=5.43
2025-06-01 16:01:34,023 - INFO - Epoch 54/90 - Train Loss: 2.2196, Train Acc: 0.9554, Val Loss: 2.1313, Val Acc: 0.9842, Time: 4.49s, LR: 0.000112
2025-06-01 16:01:34,028 - INFO - Epoch 54 SNR分布: 均值=19.33, 方差=4.05
2025-06-01 16:01:38,702 - INFO - 验证集准确率连续未提升次数: 1/15
2025-06-01 16:01:38,703 - INFO - Epoch 55/90 - Train Loss: 2.2198, Train Acc: 0.9544, Val Loss: 2.1332, Val Acc: 0.9833, Time: 4.67s, LR: 0.000105
2025-06-01 16:01:38,706 - INFO - Epoch 55 SNR分布: 均值=19.25, 方差=4.18
2025-06-01 16:01:43,316 - INFO - Epoch 56/90 - Train Loss: 2.2279, Train Acc: 0.9510, Val Loss: 2.1332, Val Acc: 0.9833, Time: 4.61s, LR: 0.000098
2025-06-01 16:01:43,316 - INFO - 平均权重分布 - CNN: 0.500, LNN: 0.500
2025-06-01 16:01:43,319 - INFO - Epoch 56 SNR分布: 均值=19.08, 方差=5.13
2025-06-01 16:01:48,423 - INFO - 保存新的最佳模型，验证准确率: 0.9850
2025-06-01 16:01:48,423 - INFO - Epoch 57/90 - Train Loss: 2.2320, Train Acc: 0.9501, Val Loss: 2.1301, Val Acc: 0.9850, Time: 5.10s, LR: 0.000090
2025-06-01 16:01:48,426 - INFO - Epoch 57 SNR分布: 均值=18.87, 方差=6.50
2025-06-01 16:01:53,207 - INFO - Epoch 58/90 - Train Loss: 2.2257, Train Acc: 0.9519, Val Loss: 2.1301, Val Acc: 0.9850, Time: 4.78s, LR: 0.000083
2025-06-01 16:01:53,211 - INFO - Epoch 58 SNR分布: 均值=19.07, 方差=5.65
2025-06-01 16:01:58,012 - INFO - 保存新的最佳模型，验证准确率: 0.9858
2025-06-01 16:01:58,013 - INFO - Epoch 59/90 - Train Loss: 2.2173, Train Acc: 0.9566, Val Loss: 2.1286, Val Acc: 0.9858, Time: 4.79s, LR: 0.000076
2025-06-01 16:01:58,016 - INFO - Epoch 59 SNR分布: 均值=19.21, 方差=4.63
2025-06-01 16:02:02,862 - INFO - Epoch 60/90 - Train Loss: 2.2253, Train Acc: 0.9516, Val Loss: 2.1286, Val Acc: 0.9858, Time: 4.84s, LR: 0.000069
2025-06-01 16:02:02,865 - INFO - Epoch 60 SNR分布: 均值=19.03, 方差=5.47
2025-06-01 16:02:07,699 - INFO - 验证集准确率连续未提升次数: 1/15
2025-06-01 16:02:07,700 - INFO - Epoch 61/90 - Train Loss: 2.2221, Train Acc: 0.9542, Val Loss: 2.1283, Val Acc: 0.9829, Time: 4.83s, LR: 0.000062
2025-06-01 16:02:07,700 - INFO - 平均权重分布 - CNN: 0.500, LNN: 0.500
2025-06-01 16:02:07,703 - INFO - Epoch 61 SNR分布: 均值=18.98, 方差=5.79
2025-06-01 16:02:12,333 - INFO - Epoch 62/90 - Train Loss: 2.2219, Train Acc: 0.9551, Val Loss: 2.1283, Val Acc: 0.9829, Time: 4.63s, LR: 0.000055
2025-06-01 16:02:12,336 - INFO - Epoch 62 SNR分布: 均值=19.01, 方差=5.73
2025-06-01 16:02:17,332 - INFO - 验证集准确率连续未提升次数: 2/15
2025-06-01 16:02:17,333 - INFO - Epoch 63/90 - Train Loss: 2.2309, Train Acc: 0.9505, Val Loss: 2.1287, Val Acc: 0.9850, Time: 5.00s, LR: 0.000049
2025-06-01 16:02:17,336 - INFO - Epoch 63 SNR分布: 均值=18.86, 方差=6.61
2025-06-01 16:02:21,885 - INFO - Epoch 64/90 - Train Loss: 2.2057, Train Acc: 0.9601, Val Loss: 2.1287, Val Acc: 0.9850, Time: 4.55s, LR: 0.000043
2025-06-01 16:02:21,888 - INFO - Epoch 64 SNR分布: 均值=19.29, 方差=4.04
2025-06-01 16:02:26,892 - INFO - 验证集准确率连续未提升次数: 3/15
2025-06-01 16:02:26,892 - INFO - Epoch 65/90 - Train Loss: 2.2258, Train Acc: 0.9530, Val Loss: 2.1243, Val Acc: 0.9854, Time: 5.00s, LR: 0.000038
2025-06-01 16:02:26,895 - INFO - Epoch 65 SNR分布: 均值=18.85, 方差=6.24
2025-06-01 16:02:31,648 - INFO - Epoch 66/90 - Train Loss: 2.2147, Train Acc: 0.9563, Val Loss: 2.1243, Val Acc: 0.9854, Time: 4.75s, LR: 0.000033
2025-06-01 16:02:31,648 - INFO - 平均权重分布 - CNN: 0.500, LNN: 0.500
2025-06-01 16:02:31,651 - INFO - Epoch 66 SNR分布: 均值=19.07, 方差=5.40
2025-06-01 16:02:36,499 - INFO - 保存新的最佳模型，验证准确率: 0.9862
2025-06-01 16:02:36,499 - INFO - Epoch 67/90 - Train Loss: 2.2141, Train Acc: 0.9574, Val Loss: 2.1241, Val Acc: 0.9862, Time: 4.85s, LR: 0.000028
2025-06-01 16:02:36,502 - INFO - Epoch 67 SNR分布: 均值=19.02, 方差=5.54
2025-06-01 16:02:41,347 - INFO - Epoch 68/90 - Train Loss: 2.2226, Train Acc: 0.9554, Val Loss: 2.1241, Val Acc: 0.9862, Time: 4.84s, LR: 0.000024
2025-06-01 16:02:41,350 - INFO - Epoch 68 SNR分布: 均值=18.89, 方差=6.26
2025-06-01 16:02:46,282 - INFO - 验证集准确率连续未提升次数: 1/15
2025-06-01 16:02:46,282 - INFO - Epoch 69/90 - Train Loss: 2.2184, Train Acc: 0.9567, Val Loss: 2.1235, Val Acc: 0.9842, Time: 4.93s, LR: 0.000020
2025-06-01 16:02:46,285 - INFO - Epoch 69 SNR分布: 均值=18.98, 方差=5.50
2025-06-01 16:02:51,161 - INFO - Epoch 70/90 - Train Loss: 2.2252, Train Acc: 0.9530, Val Loss: 2.1235, Val Acc: 0.9842, Time: 4.87s, LR: 0.000017
2025-06-01 16:02:51,164 - INFO - Epoch 70 SNR分布: 均值=18.75, 方差=6.78
2025-06-01 16:02:56,171 - INFO - 验证集准确率连续未提升次数: 2/15
2025-06-01 16:02:56,171 - INFO - Epoch 71/90 - Train Loss: 2.2225, Train Acc: 0.9556, Val Loss: 2.1253, Val Acc: 0.9862, Time: 5.01s, LR: 0.000015
2025-06-01 16:02:56,172 - INFO - 平均权重分布 - CNN: 0.500, LNN: 0.500
2025-06-01 16:02:56,175 - INFO - Epoch 71 SNR分布: 均值=18.84, 方差=6.47
2025-06-01 16:03:01,004 - INFO - Epoch 72/90 - Train Loss: 2.2214, Train Acc: 0.9543, Val Loss: 2.1253, Val Acc: 0.9862, Time: 4.83s, LR: 0.000013
2025-06-01 16:03:01,008 - INFO - Epoch 72 SNR分布: 均值=18.87, 方差=6.23
2025-06-01 16:03:05,696 - INFO - 验证集准确率连续未提升次数: 3/15
2025-06-01 16:03:05,696 - INFO - Epoch 73/90 - Train Loss: 2.2097, Train Acc: 0.9598, Val Loss: 2.1247, Val Acc: 0.9854, Time: 4.69s, LR: 0.000011
2025-06-01 16:03:05,699 - INFO - Epoch 73 SNR分布: 均值=19.27, 方差=4.42
2025-06-01 16:03:10,246 - INFO - Epoch 74/90 - Train Loss: 2.2082, Train Acc: 0.9598, Val Loss: 2.1247, Val Acc: 0.9854, Time: 4.54s, LR: 0.000010
2025-06-01 16:03:10,249 - INFO - Epoch 74 SNR分布: 均值=19.15, 方差=4.94
2025-06-01 16:03:15,143 - INFO - 保存新的最佳模型，验证准确率: 0.9867
2025-06-01 16:03:15,144 - INFO - Epoch 75/90 - Train Loss: 2.2178, Train Acc: 0.9563, Val Loss: 2.1210, Val Acc: 0.9867, Time: 4.89s, LR: 0.000200
2025-06-01 16:03:15,148 - INFO - Epoch 75 SNR分布: 均值=19.02, 方差=5.55
2025-06-01 16:03:19,727 - INFO - Epoch 76/90 - Train Loss: 2.2118, Train Acc: 0.9583, Val Loss: 2.1210, Val Acc: 0.9867, Time: 4.58s, LR: 0.000200
2025-06-01 16:03:19,727 - INFO - 平均权重分布 - CNN: 0.500, LNN: 0.500
2025-06-01 16:03:19,731 - INFO - Epoch 76 SNR分布: 均值=19.12, 方差=5.21
2025-06-01 16:03:24,449 - INFO - 验证集准确率连续未提升次数: 1/15
2025-06-01 16:03:24,449 - INFO - Epoch 77/90 - Train Loss: 2.2044, Train Acc: 0.9590, Val Loss: 2.1223, Val Acc: 0.9867, Time: 4.72s, LR: 0.000200
2025-06-01 16:03:24,452 - INFO - Epoch 77 SNR分布: 均值=19.23, 方差=4.23
2025-06-01 16:03:29,089 - INFO - Epoch 78/90 - Train Loss: 2.2131, Train Acc: 0.9573, Val Loss: 2.1223, Val Acc: 0.9867, Time: 4.63s, LR: 0.000199
2025-06-01 16:03:29,092 - INFO - Epoch 78 SNR分布: 均值=19.05, 方差=5.23
2025-06-01 16:03:33,847 - INFO - 保存新的最佳模型，验证准确率: 0.9879
2025-06-01 16:03:33,847 - INFO - Epoch 79/90 - Train Loss: 2.2158, Train Acc: 0.9572, Val Loss: 2.1235, Val Acc: 0.9879, Time: 4.75s, LR: 0.000199
2025-06-01 16:03:33,850 - INFO - Epoch 79 SNR分布: 均值=19.03, 方差=5.50
2025-06-01 16:03:38,251 - INFO - Epoch 80/90 - Train Loss: 2.2067, Train Acc: 0.9584, Val Loss: 2.1235, Val Acc: 0.9879, Time: 4.40s, LR: 0.000198
2025-06-01 16:03:38,255 - INFO - Epoch 80 SNR分布: 均值=19.28, 方差=4.19
2025-06-01 16:03:43,054 - INFO - 保存新的最佳模型，验证准确率: 0.9883
2025-06-01 16:03:43,054 - INFO - Epoch 81/90 - Train Loss: 2.2054, Train Acc: 0.9614, Val Loss: 2.1149, Val Acc: 0.9883, Time: 4.80s, LR: 0.000197
2025-06-01 16:03:43,054 - INFO - 平均权重分布 - CNN: 0.500, LNN: 0.500
2025-06-01 16:03:43,057 - INFO - Epoch 81 SNR分布: 均值=19.18, 方差=4.68
2025-06-01 16:03:47,803 - INFO - Epoch 82/90 - Train Loss: 2.2193, Train Acc: 0.9542, Val Loss: 2.1149, Val Acc: 0.9883, Time: 4.74s, LR: 0.000196
2025-06-01 16:03:47,806 - INFO - Epoch 82 SNR分布: 均值=18.86, 方差=6.31
2025-06-01 16:03:52,735 - INFO - 验证集准确率连续未提升次数: 1/15
2025-06-01 16:03:52,735 - INFO - Epoch 83/90 - Train Loss: 2.2083, Train Acc: 0.9577, Val Loss: 2.1185, Val Acc: 0.9879, Time: 4.93s, LR: 0.000195
2025-06-01 16:03:52,738 - INFO - Epoch 83 SNR分布: 均值=19.01, 方差=5.66
2025-06-01 16:03:57,304 - INFO - Epoch 84/90 - Train Loss: 2.1993, Train Acc: 0.9630, Val Loss: 2.1185, Val Acc: 0.9879, Time: 4.56s, LR: 0.000194
2025-06-01 16:03:57,307 - INFO - Epoch 84 SNR分布: 均值=19.17, 方差=5.12
2025-06-01 16:04:02,328 - INFO - 保存新的最佳模型，验证准确率: 0.9900
2025-06-01 16:04:02,329 - INFO - Epoch 85/90 - Train Loss: 2.2052, Train Acc: 0.9590, Val Loss: 2.1148, Val Acc: 0.9900, Time: 5.02s, LR: 0.000193
2025-06-01 16:04:02,332 - INFO - Epoch 85 SNR分布: 均值=18.96, 方差=5.93
2025-06-01 16:04:07,049 - INFO - Epoch 86/90 - Train Loss: 2.2015, Train Acc: 0.9624, Val Loss: 2.1148, Val Acc: 0.9900, Time: 4.71s, LR: 0.000191
2025-06-01 16:04:07,049 - INFO - 平均权重分布 - CNN: 0.500, LNN: 0.500
2025-06-01 16:04:07,052 - INFO - Epoch 86 SNR分布: 均值=19.15, 方差=4.92
2025-06-01 16:04:11,971 - INFO - 验证集准确率连续未提升次数: 1/15
2025-06-01 16:04:11,971 - INFO - Epoch 87/90 - Train Loss: 2.1966, Train Acc: 0.9621, Val Loss: 2.1158, Val Acc: 0.9900, Time: 4.92s, LR: 0.000190
2025-06-01 16:04:11,974 - INFO - Epoch 87 SNR分布: 均值=19.23, 方差=4.46
2025-06-01 16:04:16,492 - INFO - Epoch 88/90 - Train Loss: 2.1974, Train Acc: 0.9625, Val Loss: 2.1158, Val Acc: 0.9900, Time: 4.52s, LR: 0.000188
2025-06-01 16:04:16,496 - INFO - Epoch 88 SNR分布: 均值=19.24, 方差=4.61
2025-06-01 16:04:21,453 - INFO - 保存新的最佳模型，验证准确率: 0.9904
2025-06-01 16:04:21,453 - INFO - Epoch 89/90 - Train Loss: 2.2021, Train Acc: 0.9624, Val Loss: 2.1123, Val Acc: 0.9904, Time: 4.96s, LR: 0.000186
2025-06-01 16:04:21,456 - INFO - Epoch 89 SNR分布: 均值=18.99, 方差=5.30
2025-06-01 16:04:26,553 - INFO - 验证集准确率连续未提升次数: 1/15
2025-06-01 16:04:26,553 - INFO - Epoch 90/90 - Train Loss: 2.2013, Train Acc: 0.9615, Val Loss: 2.1101, Val Acc: 0.9888, Time: 5.09s, LR: 0.000184
2025-06-01 16:04:26,587 - INFO - 平均权重分布 - CNN: 0.500, LNN: 0.500
2025-06-01 16:04:26,591 - INFO - Epoch 90 SNR分布: 均值=18.84, 方差=6.31
2025-06-01 16:04:28,514 - INFO - 训练完成！最佳验证准确率: 0.9904 (Epoch 89)
2025-06-01 16:04:28,514 - INFO - 平均每个epoch耗时: 4.75秒
